[2018-10-24T10:41:31.072+08:00] [INFO] com.sf.yarn.client.YarnRmClient com.sf.yarn.client.YarnRmClient.main(YarnRmClient.java:38) : Connected to YarnRmApi Server
[2018-10-24T10:56:44.011+08:00] [INFO] com.sf.yarn.service.YarnApiService com.sf.yarn.server.YarnRmApiServer.main(YarnRmApiServer.java:39) : YarnRmApi Server is running at 9090 port
[2018-10-24T10:56:57.168+08:00] [INFO] com.sf.yarn.client.YarnRmClient com.sf.yarn.client.YarnRmClient.main(YarnRmClient.java:38) : Connected to YarnRmApi Server
[2018-10-24T10:56:57.255+08:00] [ERROR] org.apache.thrift.server.AbstractNonblockingServer$FrameBuffer org.apache.thrift.server.AbstractNonblockingServer$FrameBuffer.invoke(AbstractNonblockingServer.java:524) : Unexpected throwable while invoking!
java.lang.ClassCastException: org.apache.thrift.transport.TFramedTransport cannot be cast to org.apache.thrift.transport.TSocket
	at com.sf.yarn.server.YarnRmApiServer$LogProcessor.process(YarnRmApiServer.java:66)
	at org.apache.thrift.server.AbstractNonblockingServer$FrameBuffer.invoke(AbstractNonblockingServer.java:518)
	at org.apache.thrift.server.TNonblockingServer.requestInvoke(TNonblockingServer.java:111)
	at org.apache.thrift.server.AbstractNonblockingServer$AbstractSelectThread.handleRead(AbstractNonblockingServer.java:210)
	at org.apache.thrift.server.TNonblockingServer$SelectAcceptThread.select(TNonblockingServer.java:203)
	at org.apache.thrift.server.TNonblockingServer$SelectAcceptThread.run(TNonblockingServer.java:154)
[2018-10-24T10:57:25.968+08:00] [INFO] com.sf.yarn.service.YarnApiService com.sf.yarn.server.YarnRmApiServer.main(YarnRmApiServer.java:39) : YarnRmApi Server is running at 9090 port
[2018-10-24T10:57:32.022+08:00] [INFO] com.sf.yarn.client.YarnRmClient com.sf.yarn.client.YarnRmClient.main(YarnRmClient.java:38) : Connected to YarnRmApi Server
[2018-10-24T11:35:40.493+08:00] [INFO] com.sf.yarn.service.YarnApiService com.sf.yarn.server.YarnRmApiServer.main(YarnRmApiServer.java:42) : YarnRmApi Server is running at 9090 port
[2018-10-24T11:52:54.124+08:00] [INFO] com.sf.yarn.service.YarnApiService com.sf.yarn.server.YarnRmApiServer.main(YarnRmApiServer.java:47) : YarnRmApi Server is running at 9090 port
[2018-10-24T11:53:21.627+08:00] [INFO] com.sf.yarn.client.YarnRmClient com.sf.yarn.client.YarnRmClient.main(YarnRmClient.java:65) : Client calls .....
[2018-10-24T11:53:21.731+08:00] [ERROR] org.apache.thrift.server.AbstractNonblockingServer$FrameBuffer org.apache.thrift.server.AbstractNonblockingServer$FrameBuffer.invoke(AbstractNonblockingServer.java:524) : Unexpected throwable while invoking!
java.lang.ClassCastException: org.apache.thrift.transport.TFramedTransport cannot be cast to org.apache.thrift.transport.TSocket
	at com.sf.yarn.server.YarnRmApiServer$MyTServerEventHandler.processContext(YarnRmApiServer.java:98)
	at org.apache.thrift.server.AbstractNonblockingServer$FrameBuffer.invoke(AbstractNonblockingServer.java:516)
	at org.apache.thrift.server.TNonblockingServer.requestInvoke(TNonblockingServer.java:111)
	at org.apache.thrift.server.AbstractNonblockingServer$AbstractSelectThread.handleRead(AbstractNonblockingServer.java:210)
	at org.apache.thrift.server.TNonblockingServer$SelectAcceptThread.select(TNonblockingServer.java:203)
	at org.apache.thrift.server.TNonblockingServer$SelectAcceptThread.run(TNonblockingServer.java:154)
[2018-10-24T12:00:35.683+08:00] [INFO] com.sf.yarn.client.YarnRmClient com.sf.yarn.client.YarnRmClient.main(YarnRmClient.java:43) : Connected to YarnRmApi Server
[2018-10-24T12:00:35.705+08:00] [ERROR] org.apache.thrift.server.AbstractNonblockingServer$FrameBuffer org.apache.thrift.server.AbstractNonblockingServer$FrameBuffer.invoke(AbstractNonblockingServer.java:524) : Unexpected throwable while invoking!
java.lang.ClassCastException: org.apache.thrift.transport.TFramedTransport cannot be cast to org.apache.thrift.transport.TSocket
	at com.sf.yarn.server.YarnRmApiServer$MyTServerEventHandler.processContext(YarnRmApiServer.java:98)
	at org.apache.thrift.server.AbstractNonblockingServer$FrameBuffer.invoke(AbstractNonblockingServer.java:516)
	at org.apache.thrift.server.TNonblockingServer.requestInvoke(TNonblockingServer.java:111)
	at org.apache.thrift.server.AbstractNonblockingServer$AbstractSelectThread.handleRead(AbstractNonblockingServer.java:210)
	at org.apache.thrift.server.TNonblockingServer$SelectAcceptThread.select(TNonblockingServer.java:203)
	at org.apache.thrift.server.TNonblockingServer$SelectAcceptThread.run(TNonblockingServer.java:154)
[2018-10-24T13:01:39.005+08:00] [INFO] com.sf.yarn.service.YarnApiService com.sf.yarn.server.YarnRmApiServer.main(YarnRmApiServer.java:52) : YarnRmApi Server is running at 9090 port
[2018-10-24T13:01:42.856+08:00] [INFO] com.sf.yarn.client.YarnRmClient com.sf.yarn.client.YarnRmClient.main(YarnRmClient.java:43) : Connected to YarnRmApi Server
[2018-10-24T13:01:42.898+08:00] [ERROR] org.apache.thrift.server.TThreadPoolServer org.apache.thrift.server.TThreadPoolServer$WorkerProcess.run(TThreadPoolServer.java:300) : Thrift error occurred during processing of message.
org.apache.thrift.protocol.TProtocolException: Expected protocol id ffffff82 but got 0
	at org.apache.thrift.protocol.TCompactProtocol.readMessageBegin(TCompactProtocol.java:507)
	at org.apache.thrift.TBaseProcessor.process(TBaseProcessor.java:27)
	at org.apache.thrift.server.TThreadPoolServer$WorkerProcess.run(TThreadPoolServer.java:291)
	at java.util.concurrent.ThreadPoolExecutor.runWorker(ThreadPoolExecutor.java:1149)
	at java.util.concurrent.ThreadPoolExecutor$Worker.run(ThreadPoolExecutor.java:624)
	at java.lang.Thread.run(Thread.java:748)
[2018-10-24T13:07:35.806+08:00] [INFO] com.sf.yarn.service.YarnApiService com.sf.yarn.server.YarnRmApiServer.main(YarnRmApiServer.java:71) : Start server on port 9090...
[2018-10-24T13:07:40.031+08:00] [INFO] com.sf.yarn.client.YarnRmClient com.sf.yarn.client.YarnRmClient.main(YarnRmClient.java:43) : Connected to YarnRmApi Server
[2018-10-24T13:43:48.448+08:00] [INFO] com.sf.yarn.client.YarnRmClient com.sf.yarn.client.YarnRmClient.main(YarnRmClient.java:43) : Connected to YarnRmApi Server
[2018-10-24T13:45:06.924+08:00] [INFO] com.sf.yarn.service.YarnApiService com.sf.yarn.server.YarnRmApiServer.main(YarnRmApiServer.java:68) : Start server on port 9090...
[2018-10-24T13:47:37.194+08:00] [INFO] com.sf.yarn.service.YarnApiService com.sf.yarn.server.YarnRmApiServer.main(YarnRmApiServer.java:69) : Start server on port 9090...
[2018-10-24T13:48:17.167+08:00] [INFO] com.sf.yarn.client.YarnRmClient com.sf.yarn.client.YarnRmClient.main(YarnRmClient.java:43) : Connected to YarnRmApi Server
[2018-10-24T13:49:36.725+08:00] [INFO] com.sf.yarn.client.YarnRmClient com.sf.yarn.client.YarnRmClient.main(YarnRmClient.java:43) : Connected to YarnRmApi Server
[2018-10-24T13:56:33.679+08:00] [INFO] com.sf.yarn.client.YarnRmClient com.sf.yarn.client.YarnRmClient.main(YarnRmClient.java:42) : Connected to YarnRmApi Server
[2018-10-24T13:56:33.725+08:00] [ERROR] org.apache.thrift.server.TThreadPoolServer org.apache.thrift.server.TThreadPoolServer$WorkerProcess.run(TThreadPoolServer.java:300) : Thrift error occurred during processing of message.
org.apache.thrift.protocol.TProtocolException: Bad version in readMessageBegin
	at org.apache.thrift.protocol.TBinaryProtocol.readMessageBegin(TBinaryProtocol.java:229)
	at org.apache.thrift.TBaseProcessor.process(TBaseProcessor.java:27)
	at org.apache.thrift.server.TThreadPoolServer$WorkerProcess.run(TThreadPoolServer.java:291)
	at java.util.concurrent.ThreadPoolExecutor.runWorker(ThreadPoolExecutor.java:1149)
	at java.util.concurrent.ThreadPoolExecutor$Worker.run(ThreadPoolExecutor.java:624)
	at java.lang.Thread.run(Thread.java:748)
[2018-10-24T13:57:55.245+08:00] [INFO] com.sf.yarn.client.YarnRmClient com.sf.yarn.client.YarnRmClient.main(YarnRmClient.java:42) : Connected to YarnRmApi Server
[2018-10-24T13:57:55.287+08:00] [ERROR] org.apache.thrift.server.TThreadPoolServer org.apache.thrift.server.TThreadPoolServer$WorkerProcess.run(TThreadPoolServer.java:300) : Thrift error occurred during processing of message.
org.apache.thrift.protocol.TProtocolException: Bad version in readMessageBegin
	at org.apache.thrift.protocol.TBinaryProtocol.readMessageBegin(TBinaryProtocol.java:229)
	at org.apache.thrift.TBaseProcessor.process(TBaseProcessor.java:27)
	at org.apache.thrift.server.TThreadPoolServer$WorkerProcess.run(TThreadPoolServer.java:291)
	at java.util.concurrent.ThreadPoolExecutor.runWorker(ThreadPoolExecutor.java:1149)
	at java.util.concurrent.ThreadPoolExecutor$Worker.run(ThreadPoolExecutor.java:624)
	at java.lang.Thread.run(Thread.java:748)
[2018-10-24T13:59:03.565+08:00] [INFO] com.sf.yarn.client.YarnRmClient com.sf.yarn.client.YarnRmClient.main(YarnRmClient.java:44) : Connected to YarnRmApi Server
[2018-10-24T13:59:39.683+08:00] [INFO] com.sf.yarn.service.YarnApiService com.sf.yarn.server.YarnRmApiServer.main(YarnRmApiServer.java:69) : Start server on port 9090...
[2018-10-24T13:59:51.557+08:00] [INFO] com.sf.yarn.client.YarnRmClient com.sf.yarn.client.YarnRmClient.main(YarnRmClient.java:44) : Connected to YarnRmApi Server
[2018-10-24T14:13:30.074+08:00] [INFO] com.sf.yarn.client.YarnRmClient com.sf.yarn.client.YarnRmClient.main(YarnRmClient.java:44) : Connected to YarnRmApi Server
[2018-10-24T14:14:57.469+08:00] [INFO] com.sf.yarn.client.YarnRmClient com.sf.yarn.client.YarnRmClient.main(YarnRmClient.java:44) : Connected to YarnRmApi Server
[2018-10-24T14:15:46.898+08:00] [ERROR] com.sf.yarn.client.YarnRmClient com.sf.yarn.client.YarnRmClient.main(YarnRmClient.java:42) : connect to YarnRmApi Server error:java.net.ConnectException: Connection refused (Connection refused)
org.apache.thrift.transport.TTransportException: java.net.ConnectException: Connection refused (Connection refused)
	at org.apache.thrift.transport.TSocket.open(TSocket.java:226)
	at com.sf.yarn.client.YarnRmClient.main(YarnRmClient.java:40)
Caused by: java.net.ConnectException: Connection refused (Connection refused)
	at java.net.PlainSocketImpl.socketConnect(Native Method)
	at java.net.AbstractPlainSocketImpl.doConnect(AbstractPlainSocketImpl.java:350)
	at java.net.AbstractPlainSocketImpl.connectToAddress(AbstractPlainSocketImpl.java:206)
	at java.net.AbstractPlainSocketImpl.connect(AbstractPlainSocketImpl.java:188)
	at java.net.SocksSocketImpl.connect(SocksSocketImpl.java:392)
	at java.net.Socket.connect(Socket.java:589)
	at org.apache.thrift.transport.TSocket.open(TSocket.java:221)
	... 1 more
[2018-10-24T14:15:59.652+08:00] [INFO] com.sf.yarn.client.YarnRmClient com.sf.yarn.client.YarnRmClient.main(YarnRmClient.java:44) : Connected to YarnRmApi Server
[2018-10-24T14:26:46.138+08:00] [INFO] com.sf.yarn.client.YarnRmClient com.sf.yarn.client.YarnRmClient.main(YarnRmClient.java:44) : Connected to YarnRmApi Server
[2018-10-24T14:49:41.856+08:00] [INFO] com.sf.yarn.client.YarnRmClient com.sf.yarn.client.YarnRmClient.main(YarnRmClient.java:44) : Connected to YarnRmApi Server
[2018-10-24T14:50:40.223+08:00] [INFO] com.sf.yarn.service.YarnApiService com.sf.yarn.server.YarnRmApiServer$YarnApiServerEventHandler.processContext(YarnRmApiServer.java:127) : Client ip:127.0.0.1
[2018-10-24T14:51:12.980+08:00] [INFO] com.sf.yarn.client.YarnRmClient com.sf.yarn.client.YarnRmClient.main(YarnRmClient.java:44) : Connected to YarnRmApi Server
[2018-10-24T14:51:13.115+08:00] [INFO] com.sf.yarn.service.YarnApiService com.sf.yarn.server.YarnRmApiServer$YarnApiServerEventHandler.processContext(YarnRmApiServer.java:127) : Client ip:127.0.0.1
[2018-10-24T14:51:52.804+08:00] [INFO] com.sf.yarn.service.YarnApiService com.sf.yarn.server.YarnRmApiServer$YarnApiServerEventHandler.processContext(YarnRmApiServer.java:131) : 客户端无请求权限！
[2018-10-24T14:51:54.753+08:00] [INFO] com.sf.yarn.client.YarnRmClient com.sf.yarn.client.YarnRmClient.main(YarnRmClient.java:44) : Connected to YarnRmApi Server
[2018-10-24T14:52:42.710+08:00] [INFO] com.sf.yarn.service.YarnApiService com.sf.yarn.server.YarnRmApiServer$YarnApiServerEventHandler.processContext(YarnRmApiServer.java:131) : 客户端无请求权限！
[2018-10-24T14:55:39.652+08:00] [INFO] com.sf.yarn.client.YarnRmClient com.sf.yarn.client.YarnRmClient.main(YarnRmClient.java:44) : Connected to YarnRmApi Server
[2018-10-24T14:55:48.225+08:00] [INFO] com.sf.yarn.service.YarnApiService com.sf.yarn.server.YarnRmApiServer$YarnApiServerEventHandler.processContext(YarnRmApiServer.java:127) : Client ip:127.0.0.1
[2018-10-24T15:07:26.897+08:00] [INFO] com.sf.yarn.client.YarnRmClient com.sf.yarn.client.YarnRmClient.main(YarnRmClient.java:44) : Connected to YarnRmApi Server
[2018-10-24T15:07:56.765+08:00] [INFO] com.sf.yarn.client.YarnRmClient com.sf.yarn.client.YarnRmClient.main(YarnRmClient.java:44) : Connected to YarnRmApi Server
[2018-10-24T15:07:56.776+08:00] [INFO] com.sf.yarn.service.YarnApiService com.sf.yarn.server.YarnRmApiServer$YarnApiServerEventHandler.processContext(YarnRmApiServer.java:131) : 客户端无请求权限！
[2018-10-24T15:08:02.532+08:00] [INFO] com.sf.yarn.service.YarnApiService com.sf.yarn.server.YarnRmApiServer$YarnApiServerEventHandler.processContext(YarnRmApiServer.java:131) : 客户端无请求权限！
[2018-10-24T15:08:02.535+08:00] [INFO] com.sf.yarn.client.YarnRmClient com.sf.yarn.client.YarnRmClient.main(YarnRmClient.java:44) : Connected to YarnRmApi Server
[2018-10-24T15:08:21.645+08:00] [INFO] com.sf.yarn.service.YarnApiService com.sf.yarn.server.YarnRmApiServer$YarnApiServerEventHandler.processContext(YarnRmApiServer.java:131) : 客户端无请求权限！
[2018-10-24T15:11:51.642+08:00] [INFO] com.sf.yarn.client.YarnRmClient com.sf.yarn.client.YarnRmClient.main(YarnRmClient.java:44) : Connected to YarnRmApi Server
