[2018-11-20T15:03:25.686+08:00] [INFO] com.sf.yarn.service.YarnApiService com.sf.yarn.server.YarnRmApiServer$YarnApiServerEventHandler.preServe(YarnRmApiServer.java:60) : Start server on port:9090 ...
[2018-11-20T15:04:44.300+08:00] [INFO] com.sf.yarn.service.YarnApiService com.sf.yarn.server.YarnRmApiServer$YarnApiServerEventHandler.createContext(YarnRmApiServer.java:68) : 开始验证用户是否拥有请求权限···
[2018-11-20T15:04:44.301+08:00] [INFO] com.sf.yarn.service.YarnApiService com.sf.yarn.server.YarnRmApiServer$YarnApiServerEventHandler.createContext(YarnRmApiServer.java:73) : createContext ... 127.0.0.1
[2018-11-20T15:04:44.304+08:00] [INFO] com.sf.yarn.service.YarnApiService com.sf.yarn.server.YarnRmApiServer$YarnApiServerEventHandler.createContext(YarnRmApiServer.java:81) : 客户端无请求权限！127.0.0.1
[2018-11-20T15:04:44.305+08:00] [INFO] com.sf.yarn.service.YarnApiService com.sf.yarn.server.YarnRmApiServer$YarnApiServerEventHandler.createContext(YarnRmApiServer.java:83) : 客户端连接已关闭！
[2018-11-20T15:04:44.306+08:00] [INFO] com.sf.yarn.service.YarnApiService com.sf.yarn.server.YarnRmApiServer$YarnApiServerEventHandler.deleteContext(YarnRmApiServer.java:95) : deleteContext ... 
[2018-11-20T15:04:44.309+08:00] [INFO] com.sf.yarn.client.YarnRmClient com.sf.yarn.client.YarnRmClient.main(YarnRmClient.java:36) : Connected to YarnRmApi Server
[2018-11-20T15:04:44.339+08:00] [ERROR] com.sf.yarn.client.YarnRmClient com.sf.yarn.client.YarnRmClient.main(YarnRmClient.java:51) : java.net.SocketException: Connection reset
org.apache.thrift.transport.TTransportException: java.net.SocketException: Connection reset
	at org.apache.thrift.transport.TIOStreamTransport.read(TIOStreamTransport.java:129)
	at org.apache.thrift.transport.TTransport.readAll(TTransport.java:86)
	at org.apache.thrift.protocol.TCompactProtocol.readByte(TCompactProtocol.java:637)
	at org.apache.thrift.protocol.TCompactProtocol.readMessageBegin(TCompactProtocol.java:505)
	at org.apache.thrift.TServiceClient.receiveBase(TServiceClient.java:77)
	at com.sf.yarn.service.YarnApiService$Client.recv_delQueueResource(YarnApiService.java:92)
	at com.sf.yarn.service.YarnApiService$Client.delQueueResource(YarnApiService.java:79)
	at com.sf.yarn.client.YarnRmClient.main(YarnRmClient.java:49)
Caused by: java.net.SocketException: Connection reset
	at java.net.SocketInputStream.read(SocketInputStream.java:210)
	at java.net.SocketInputStream.read(SocketInputStream.java:141)
	at java.io.BufferedInputStream.fill(BufferedInputStream.java:246)
	at java.io.BufferedInputStream.read1(BufferedInputStream.java:286)
	at java.io.BufferedInputStream.read(BufferedInputStream.java:345)
	at org.apache.thrift.transport.TIOStreamTransport.read(TIOStreamTransport.java:127)
	... 7 more
[2018-11-20T15:05:31.871+08:00] [INFO] com.sf.yarn.service.YarnApiService com.sf.yarn.server.YarnRmApiServer$YarnApiServerEventHandler.createContext(YarnRmApiServer.java:68) : 开始验证用户是否拥有请求权限···
[2018-11-20T15:05:31.874+08:00] [INFO] com.sf.yarn.service.YarnApiService com.sf.yarn.server.YarnRmApiServer$YarnApiServerEventHandler.createContext(YarnRmApiServer.java:73) : createContext ... 127.0.0.1
[2018-11-20T15:05:31.874+08:00] [INFO] com.sf.yarn.service.YarnApiService com.sf.yarn.server.YarnRmApiServer$YarnApiServerEventHandler.createContext(YarnRmApiServer.java:77) : 验证通过，用户ip:127.0.0.1
[2018-11-20T15:05:31.873+08:00] [INFO] com.sf.yarn.client.YarnRmClient com.sf.yarn.client.YarnRmClient.main(YarnRmClient.java:36) : Connected to YarnRmApi Server
[2018-11-20T15:05:31.902+08:00] [INFO] com.sf.yarn.service.YarnApiHandler com.sf.yarn.service.YarnApiHandler.delQueueResource(YarnApiHandler.java:136) : Delete queue settings beginning······
[2018-11-20T15:05:32.015+08:00] [INFO] com.sf.yarn.service.YarnApiHandler com.sf.yarn.service.YarnApiHandler.delQueueResource(YarnApiHandler.java:143) : 等待RM自动刷新，更改配置生效···
[2018-11-20T15:05:42.034+08:00] [ERROR] com.sf.yarn.service.YarnApiHandler com.sf.yarn.service.YarnApiHandler.delQueueResource(YarnApiHandler.java:169) : Delete queue setting fail:null
java.lang.NullPointerException
	at com.sf.yarn.service.YarnApiHandler.delQueueResource(YarnApiHandler.java:160)
	at com.sf.yarn.service.YarnApiService$Processor$delQueueResource.getResult(YarnApiService.java:301)
	at com.sf.yarn.service.YarnApiService$Processor$delQueueResource.getResult(YarnApiService.java:281)
	at org.apache.thrift.ProcessFunction.process(ProcessFunction.java:38)
	at org.apache.thrift.TBaseProcessor.process(TBaseProcessor.java:39)
	at org.apache.thrift.server.TThreadPoolServer$WorkerProcess.run(TThreadPoolServer.java:291)
	at java.util.concurrent.ThreadPoolExecutor.runWorker(ThreadPoolExecutor.java:1149)
	at java.util.concurrent.ThreadPoolExecutor$Worker.run(ThreadPoolExecutor.java:624)
	at java.lang.Thread.run(Thread.java:748)
[2018-11-20T15:05:42.410+08:00] [INFO] com.sf.yarn.service.YarnApiService com.sf.yarn.server.YarnRmApiServer$YarnApiServerEventHandler.deleteContext(YarnRmApiServer.java:95) : deleteContext ... 
[2018-11-20T15:06:42.687+08:00] [INFO] com.sf.yarn.service.YarnApiHandler com.sf.yarn.service.YarnApiHandler.delQueueResource(YarnApiHandler.java:136) : Delete queue settings beginning······
[2018-11-20T15:08:34.854+08:00] [INFO] com.sf.yarn.service.YarnApiHandler com.sf.yarn.service.YarnApiHandler.delQueueResource(YarnApiHandler.java:143) : 等待RM自动刷新，更改配置生效···
[2018-11-20T15:09:52.031+08:00] [INFO] com.sf.yarn.service.YarnApiHandler com.sf.yarn.service.YarnApiHandler.updateQueueResource(YarnApiHandler.java:91) : Update queue settings beginning······
[2018-11-20T15:09:52.151+08:00] [INFO] com.sf.yarn.service.YarnApiHandler com.sf.yarn.service.YarnApiHandler.updateQueueResource(YarnApiHandler.java:122) : Update queue settings success
[2018-11-20T15:12:02.320+08:00] [INFO] com.sf.yarn.service.YarnApiHandler com.sf.yarn.service.YarnApiHandler.addQueueResource(YarnApiHandler.java:45) : Add queue settings beginning······
[2018-11-20T15:12:02.399+08:00] [INFO] com.sf.yarn.service.YarnApiHandler com.sf.yarn.service.YarnApiHandler.addQueueResource(YarnApiHandler.java:78) : Add queue settings success
[2018-11-20T15:12:54.257+08:00] [INFO] com.sf.yarn.service.YarnApiHandler com.sf.yarn.service.YarnApiHandler.delQueueResource(YarnApiHandler.java:136) : Delete queue settings beginning······
[2018-11-20T15:12:54.329+08:00] [INFO] com.sf.yarn.service.YarnApiHandler com.sf.yarn.service.YarnApiHandler.delQueueResource(YarnApiHandler.java:143) : 等待RM自动刷新，更改配置生效···
[2018-11-20T15:13:04.338+08:00] [ERROR] com.sf.yarn.service.YarnApiHandler com.sf.yarn.service.YarnApiHandler.delQueueResource(YarnApiHandler.java:169) : Delete queue setting fail:null
java.lang.NullPointerException
	at com.sf.yarn.service.YarnApiHandler.delQueueResource(YarnApiHandler.java:160)
	at com.sf.yarn.service.YarnApiHandlerTest.delQueueResource(YarnApiHandlerTest.java:49)
	at sun.reflect.NativeMethodAccessorImpl.invoke0(Native Method)
	at sun.reflect.NativeMethodAccessorImpl.invoke(NativeMethodAccessorImpl.java:62)
	at sun.reflect.DelegatingMethodAccessorImpl.invoke(DelegatingMethodAccessorImpl.java:43)
	at java.lang.reflect.Method.invoke(Method.java:498)
	at org.junit.runners.model.FrameworkMethod$1.runReflectiveCall(FrameworkMethod.java:45)
	at org.junit.internal.runners.model.ReflectiveCallable.run(ReflectiveCallable.java:15)
	at org.junit.runners.model.FrameworkMethod.invokeExplosively(FrameworkMethod.java:42)
	at org.junit.internal.runners.statements.InvokeMethod.evaluate(InvokeMethod.java:20)
	at org.junit.runners.ParentRunner.runLeaf(ParentRunner.java:263)
	at org.junit.runners.BlockJUnit4ClassRunner.runChild(BlockJUnit4ClassRunner.java:68)
	at org.junit.runners.BlockJUnit4ClassRunner.runChild(BlockJUnit4ClassRunner.java:47)
	at org.junit.runners.ParentRunner$3.run(ParentRunner.java:231)
	at org.junit.runners.ParentRunner$1.schedule(ParentRunner.java:60)
	at org.junit.runners.ParentRunner.runChildren(ParentRunner.java:229)
	at org.junit.runners.ParentRunner.access$000(ParentRunner.java:50)
	at org.junit.runners.ParentRunner$2.evaluate(ParentRunner.java:222)
	at org.junit.runners.ParentRunner.run(ParentRunner.java:300)
	at org.junit.runner.JUnitCore.run(JUnitCore.java:157)
	at com.intellij.junit4.JUnit4IdeaTestRunner.startRunnerWithArgs(JUnit4IdeaTestRunner.java:68)
	at com.intellij.rt.execution.junit.IdeaTestRunner$Repeater.startRunnerWithArgs(IdeaTestRunner.java:47)
	at com.intellij.rt.execution.junit.JUnitStarter.prepareStreamsAndStart(JUnitStarter.java:242)
	at com.intellij.rt.execution.junit.JUnitStarter.main(JUnitStarter.java:70)
[2018-11-20T15:14:03.420+08:00] [INFO] com.sf.yarn.service.YarnApiHandler com.sf.yarn.service.YarnApiHandler.delQueueResource(YarnApiHandler.java:136) : Delete queue settings beginning······
[2018-11-20T15:14:05.958+08:00] [INFO] com.sf.yarn.service.YarnApiHandler com.sf.yarn.service.YarnApiHandler.delQueueResource(YarnApiHandler.java:143) : 等待RM自动刷新，更改配置生效···
[2018-11-20T15:20:31.806+08:00] [ERROR] com.sf.yarn.service.YarnApiHandler com.sf.yarn.service.YarnApiHandler.delQueueResource(YarnApiHandler.java:169) : Delete queue setting fail:Index: 0, Size: 0
java.lang.IndexOutOfBoundsException: Index: 0, Size: 0
	at java.util.ArrayList.rangeCheck(ArrayList.java:657)
	at java.util.ArrayList.get(ArrayList.java:433)
	at org.dom4j.tree.DefaultElement.attribute(DefaultElement.java:751)
	at com.sf.yarn.service.YarnApiHandler.delQueueResource(YarnApiHandler.java:160)
	at com.sf.yarn.service.YarnApiHandlerTest.delQueueResource(YarnApiHandlerTest.java:49)
	at sun.reflect.NativeMethodAccessorImpl.invoke0(Native Method)
	at sun.reflect.NativeMethodAccessorImpl.invoke(NativeMethodAccessorImpl.java:62)
	at sun.reflect.DelegatingMethodAccessorImpl.invoke(DelegatingMethodAccessorImpl.java:43)
	at java.lang.reflect.Method.invoke(Method.java:498)
	at org.junit.runners.model.FrameworkMethod$1.runReflectiveCall(FrameworkMethod.java:45)
	at org.junit.internal.runners.model.ReflectiveCallable.run(ReflectiveCallable.java:15)
	at org.junit.runners.model.FrameworkMethod.invokeExplosively(FrameworkMethod.java:42)
	at org.junit.internal.runners.statements.InvokeMethod.evaluate(InvokeMethod.java:20)
	at org.junit.runners.ParentRunner.runLeaf(ParentRunner.java:263)
	at org.junit.runners.BlockJUnit4ClassRunner.runChild(BlockJUnit4ClassRunner.java:68)
	at org.junit.runners.BlockJUnit4ClassRunner.runChild(BlockJUnit4ClassRunner.java:47)
	at org.junit.runners.ParentRunner$3.run(ParentRunner.java:231)
	at org.junit.runners.ParentRunner$1.schedule(ParentRunner.java:60)
	at org.junit.runners.ParentRunner.runChildren(ParentRunner.java:229)
	at org.junit.runners.ParentRunner.access$000(ParentRunner.java:50)
	at org.junit.runners.ParentRunner$2.evaluate(ParentRunner.java:222)
	at org.junit.runners.ParentRunner.run(ParentRunner.java:300)
	at org.junit.runner.JUnitCore.run(JUnitCore.java:157)
	at com.intellij.junit4.JUnit4IdeaTestRunner.startRunnerWithArgs(JUnit4IdeaTestRunner.java:68)
	at com.intellij.rt.execution.junit.IdeaTestRunner$Repeater.startRunnerWithArgs(IdeaTestRunner.java:47)
	at com.intellij.rt.execution.junit.JUnitStarter.prepareStreamsAndStart(JUnitStarter.java:242)
	at com.intellij.rt.execution.junit.JUnitStarter.main(JUnitStarter.java:70)
[2018-11-20T15:31:16.586+08:00] [INFO] com.sf.yarn.service.YarnApiHandler com.sf.yarn.service.YarnApiHandler.delQueueResource(YarnApiHandler.java:136) : Delete queue settings beginning······
[2018-11-20T15:31:18.836+08:00] [INFO] com.sf.yarn.service.YarnApiHandler com.sf.yarn.service.YarnApiHandler.delQueueResource(YarnApiHandler.java:143) : 等待RM自动刷新，更改配置生效···
[2018-11-20T15:32:18.305+08:00] [ERROR] com.sf.yarn.service.YarnApiHandler com.sf.yarn.service.YarnApiHandler.delQueueResource(YarnApiHandler.java:170) : Delete queue setting fail:null
java.lang.NullPointerException
	at org.dom4j.tree.DefaultElement.remove(DefaultElement.java:866)
	at com.sf.yarn.service.YarnApiHandler.delQueueResource(YarnApiHandler.java:157)
	at com.sf.yarn.service.YarnApiHandlerTest.delQueueResource(YarnApiHandlerTest.java:49)
	at sun.reflect.NativeMethodAccessorImpl.invoke0(Native Method)
	at sun.reflect.NativeMethodAccessorImpl.invoke(NativeMethodAccessorImpl.java:62)
	at sun.reflect.DelegatingMethodAccessorImpl.invoke(DelegatingMethodAccessorImpl.java:43)
	at java.lang.reflect.Method.invoke(Method.java:498)
	at org.junit.runners.model.FrameworkMethod$1.runReflectiveCall(FrameworkMethod.java:45)
	at org.junit.internal.runners.model.ReflectiveCallable.run(ReflectiveCallable.java:15)
	at org.junit.runners.model.FrameworkMethod.invokeExplosively(FrameworkMethod.java:42)
	at org.junit.internal.runners.statements.InvokeMethod.evaluate(InvokeMethod.java:20)
	at org.junit.runners.ParentRunner.runLeaf(ParentRunner.java:263)
	at org.junit.runners.BlockJUnit4ClassRunner.runChild(BlockJUnit4ClassRunner.java:68)
	at org.junit.runners.BlockJUnit4ClassRunner.runChild(BlockJUnit4ClassRunner.java:47)
	at org.junit.runners.ParentRunner$3.run(ParentRunner.java:231)
	at org.junit.runners.ParentRunner$1.schedule(ParentRunner.java:60)
	at org.junit.runners.ParentRunner.runChildren(ParentRunner.java:229)
	at org.junit.runners.ParentRunner.access$000(ParentRunner.java:50)
	at org.junit.runners.ParentRunner$2.evaluate(ParentRunner.java:222)
	at org.junit.runners.ParentRunner.run(ParentRunner.java:300)
	at org.junit.runner.JUnitCore.run(JUnitCore.java:157)
	at com.intellij.junit4.JUnit4IdeaTestRunner.startRunnerWithArgs(JUnit4IdeaTestRunner.java:68)
	at com.intellij.rt.execution.junit.IdeaTestRunner$Repeater.startRunnerWithArgs(IdeaTestRunner.java:47)
	at com.intellij.rt.execution.junit.JUnitStarter.prepareStreamsAndStart(JUnitStarter.java:242)
	at com.intellij.rt.execution.junit.JUnitStarter.main(JUnitStarter.java:70)
[2018-11-20T15:33:55.441+08:00] [INFO] com.sf.yarn.service.YarnApiHandler com.sf.yarn.service.YarnApiHandler.delQueueResource(YarnApiHandler.java:136) : Delete queue settings beginning······
[2018-11-20T15:37:22.629+08:00] [ERROR] com.sf.yarn.service.YarnApiHandler com.sf.yarn.service.YarnApiHandler.delQueueResource(YarnApiHandler.java:171) : Delete queue setting fail:null
java.lang.NullPointerException
	at org.dom4j.tree.DefaultElement.remove(DefaultElement.java:866)
	at com.sf.yarn.service.YarnApiHandler.delQueueResource(YarnApiHandler.java:158)
	at com.sf.yarn.service.YarnApiHandlerTest.delQueueResource(YarnApiHandlerTest.java:49)
	at sun.reflect.NativeMethodAccessorImpl.invoke0(Native Method)
	at sun.reflect.NativeMethodAccessorImpl.invoke(NativeMethodAccessorImpl.java:62)
	at sun.reflect.DelegatingMethodAccessorImpl.invoke(DelegatingMethodAccessorImpl.java:43)
	at java.lang.reflect.Method.invoke(Method.java:498)
	at org.junit.runners.model.FrameworkMethod$1.runReflectiveCall(FrameworkMethod.java:45)
	at org.junit.internal.runners.model.ReflectiveCallable.run(ReflectiveCallable.java:15)
	at org.junit.runners.model.FrameworkMethod.invokeExplosively(FrameworkMethod.java:42)
	at org.junit.internal.runners.statements.InvokeMethod.evaluate(InvokeMethod.java:20)
	at org.junit.runners.ParentRunner.runLeaf(ParentRunner.java:263)
	at org.junit.runners.BlockJUnit4ClassRunner.runChild(BlockJUnit4ClassRunner.java:68)
	at org.junit.runners.BlockJUnit4ClassRunner.runChild(BlockJUnit4ClassRunner.java:47)
	at org.junit.runners.ParentRunner$3.run(ParentRunner.java:231)
	at org.junit.runners.ParentRunner$1.schedule(ParentRunner.java:60)
	at org.junit.runners.ParentRunner.runChildren(ParentRunner.java:229)
	at org.junit.runners.ParentRunner.access$000(ParentRunner.java:50)
	at org.junit.runners.ParentRunner$2.evaluate(ParentRunner.java:222)
	at org.junit.runners.ParentRunner.run(ParentRunner.java:300)
	at org.junit.runner.JUnitCore.run(JUnitCore.java:157)
	at com.intellij.junit4.JUnit4IdeaTestRunner.startRunnerWithArgs(JUnit4IdeaTestRunner.java:68)
	at com.intellij.rt.execution.junit.IdeaTestRunner$Repeater.startRunnerWithArgs(IdeaTestRunner.java:47)
	at com.intellij.rt.execution.junit.JUnitStarter.prepareStreamsAndStart(JUnitStarter.java:242)
	at com.intellij.rt.execution.junit.JUnitStarter.main(JUnitStarter.java:70)
[2018-11-20T15:37:31.311+08:00] [INFO] com.sf.yarn.service.YarnApiHandler com.sf.yarn.service.YarnApiHandler.delQueueResource(YarnApiHandler.java:136) : Delete queue settings beginning······
[2018-11-20T15:38:56.658+08:00] [ERROR] com.sf.yarn.service.YarnApiHandler com.sf.yarn.service.YarnApiHandler.delQueueResource(YarnApiHandler.java:171) : Delete queue setting fail:null
java.lang.NullPointerException
	at com.sf.yarn.service.YarnApiHandler.delQueueResource(YarnApiHandler.java:158)
	at com.sf.yarn.service.YarnApiHandlerTest.delQueueResource(YarnApiHandlerTest.java:49)
	at sun.reflect.NativeMethodAccessorImpl.invoke0(Native Method)
	at sun.reflect.NativeMethodAccessorImpl.invoke(NativeMethodAccessorImpl.java:62)
	at sun.reflect.DelegatingMethodAccessorImpl.invoke(DelegatingMethodAccessorImpl.java:43)
	at java.lang.reflect.Method.invoke(Method.java:498)
	at org.junit.runners.model.FrameworkMethod$1.runReflectiveCall(FrameworkMethod.java:45)
	at org.junit.internal.runners.model.ReflectiveCallable.run(ReflectiveCallable.java:15)
	at org.junit.runners.model.FrameworkMethod.invokeExplosively(FrameworkMethod.java:42)
	at org.junit.internal.runners.statements.InvokeMethod.evaluate(InvokeMethod.java:20)
	at org.junit.runners.ParentRunner.runLeaf(ParentRunner.java:263)
	at org.junit.runners.BlockJUnit4ClassRunner.runChild(BlockJUnit4ClassRunner.java:68)
	at org.junit.runners.BlockJUnit4ClassRunner.runChild(BlockJUnit4ClassRunner.java:47)
	at org.junit.runners.ParentRunner$3.run(ParentRunner.java:231)
	at org.junit.runners.ParentRunner$1.schedule(ParentRunner.java:60)
	at org.junit.runners.ParentRunner.runChildren(ParentRunner.java:229)
	at org.junit.runners.ParentRunner.access$000(ParentRunner.java:50)
	at org.junit.runners.ParentRunner$2.evaluate(ParentRunner.java:222)
	at org.junit.runners.ParentRunner.run(ParentRunner.java:300)
	at org.junit.runner.JUnitCore.run(JUnitCore.java:157)
	at com.intellij.junit4.JUnit4IdeaTestRunner.startRunnerWithArgs(JUnit4IdeaTestRunner.java:68)
	at com.intellij.rt.execution.junit.IdeaTestRunner$Repeater.startRunnerWithArgs(IdeaTestRunner.java:47)
	at com.intellij.rt.execution.junit.JUnitStarter.prepareStreamsAndStart(JUnitStarter.java:242)
	at com.intellij.rt.execution.junit.JUnitStarter.main(JUnitStarter.java:70)
[2018-11-20T15:43:52.834+08:00] [INFO] com.sf.yarn.service.YarnApiHandler com.sf.yarn.service.YarnApiHandler.delQueueResource(YarnApiHandler.java:136) : Delete queue settings beginning······
[2018-11-20T15:44:17.205+08:00] [ERROR] com.sf.yarn.service.YarnApiHandler com.sf.yarn.service.YarnApiHandler.delQueueResource(YarnApiHandler.java:169) : Delete queue setting fail:null
java.lang.NullPointerException
	at com.sf.yarn.service.YarnApiHandler.delQueueResource(YarnApiHandler.java:160)
	at com.sf.yarn.service.YarnApiHandlerTest.delQueueResource(YarnApiHandlerTest.java:49)
	at sun.reflect.NativeMethodAccessorImpl.invoke0(Native Method)
	at sun.reflect.NativeMethodAccessorImpl.invoke(NativeMethodAccessorImpl.java:62)
	at sun.reflect.DelegatingMethodAccessorImpl.invoke(DelegatingMethodAccessorImpl.java:43)
	at java.lang.reflect.Method.invoke(Method.java:498)
	at org.junit.runners.model.FrameworkMethod$1.runReflectiveCall(FrameworkMethod.java:45)
	at org.junit.internal.runners.model.ReflectiveCallable.run(ReflectiveCallable.java:15)
	at org.junit.runners.model.FrameworkMethod.invokeExplosively(FrameworkMethod.java:42)
	at org.junit.internal.runners.statements.InvokeMethod.evaluate(InvokeMethod.java:20)
	at org.junit.runners.ParentRunner.runLeaf(ParentRunner.java:263)
	at org.junit.runners.BlockJUnit4ClassRunner.runChild(BlockJUnit4ClassRunner.java:68)
	at org.junit.runners.BlockJUnit4ClassRunner.runChild(BlockJUnit4ClassRunner.java:47)
	at org.junit.runners.ParentRunner$3.run(ParentRunner.java:231)
	at org.junit.runners.ParentRunner$1.schedule(ParentRunner.java:60)
	at org.junit.runners.ParentRunner.runChildren(ParentRunner.java:229)
	at org.junit.runners.ParentRunner.access$000(ParentRunner.java:50)
	at org.junit.runners.ParentRunner$2.evaluate(ParentRunner.java:222)
	at org.junit.runners.ParentRunner.run(ParentRunner.java:300)
	at org.junit.runner.JUnitCore.run(JUnitCore.java:157)
	at com.intellij.junit4.JUnit4IdeaTestRunner.startRunnerWithArgs(JUnit4IdeaTestRunner.java:68)
	at com.intellij.rt.execution.junit.IdeaTestRunner$Repeater.startRunnerWithArgs(IdeaTestRunner.java:47)
	at com.intellij.rt.execution.junit.JUnitStarter.prepareStreamsAndStart(JUnitStarter.java:242)
	at com.intellij.rt.execution.junit.JUnitStarter.main(JUnitStarter.java:70)
[2018-11-20T15:45:01.863+08:00] [INFO] com.sf.yarn.service.YarnApiHandler com.sf.yarn.service.YarnApiHandler.delQueueResource(YarnApiHandler.java:136) : Delete queue settings beginning······
[2018-11-20T15:45:22.698+08:00] [ERROR] com.sf.yarn.service.YarnApiHandler com.sf.yarn.service.YarnApiHandler.delQueueResource(YarnApiHandler.java:169) : Delete queue setting fail:null
java.lang.NullPointerException
	at com.sf.yarn.service.YarnApiHandler.delQueueResource(YarnApiHandler.java:160)
	at com.sf.yarn.service.YarnApiHandlerTest.delQueueResource(YarnApiHandlerTest.java:49)
	at sun.reflect.NativeMethodAccessorImpl.invoke0(Native Method)
	at sun.reflect.NativeMethodAccessorImpl.invoke(NativeMethodAccessorImpl.java:62)
	at sun.reflect.DelegatingMethodAccessorImpl.invoke(DelegatingMethodAccessorImpl.java:43)
	at java.lang.reflect.Method.invoke(Method.java:498)
	at org.junit.runners.model.FrameworkMethod$1.runReflectiveCall(FrameworkMethod.java:45)
	at org.junit.internal.runners.model.ReflectiveCallable.run(ReflectiveCallable.java:15)
	at org.junit.runners.model.FrameworkMethod.invokeExplosively(FrameworkMethod.java:42)
	at org.junit.internal.runners.statements.InvokeMethod.evaluate(InvokeMethod.java:20)
	at org.junit.runners.ParentRunner.runLeaf(ParentRunner.java:263)
	at org.junit.runners.BlockJUnit4ClassRunner.runChild(BlockJUnit4ClassRunner.java:68)
	at org.junit.runners.BlockJUnit4ClassRunner.runChild(BlockJUnit4ClassRunner.java:47)
	at org.junit.runners.ParentRunner$3.run(ParentRunner.java:231)
	at org.junit.runners.ParentRunner$1.schedule(ParentRunner.java:60)
	at org.junit.runners.ParentRunner.runChildren(ParentRunner.java:229)
	at org.junit.runners.ParentRunner.access$000(ParentRunner.java:50)
	at org.junit.runners.ParentRunner$2.evaluate(ParentRunner.java:222)
	at org.junit.runners.ParentRunner.run(ParentRunner.java:300)
	at org.junit.runner.JUnitCore.run(JUnitCore.java:157)
	at com.intellij.junit4.JUnit4IdeaTestRunner.startRunnerWithArgs(JUnit4IdeaTestRunner.java:68)
	at com.intellij.rt.execution.junit.IdeaTestRunner$Repeater.startRunnerWithArgs(IdeaTestRunner.java:47)
	at com.intellij.rt.execution.junit.JUnitStarter.prepareStreamsAndStart(JUnitStarter.java:242)
	at com.intellij.rt.execution.junit.JUnitStarter.main(JUnitStarter.java:70)
[2018-11-20T15:48:08.193+08:00] [INFO] com.sf.yarn.service.YarnApiHandler com.sf.yarn.service.YarnApiHandler.delQueueResource(YarnApiHandler.java:136) : Delete queue settings beginning······
[2018-11-20T15:48:47.924+08:00] [ERROR] com.sf.yarn.service.YarnApiHandler com.sf.yarn.service.YarnApiHandler.delQueueResource(YarnApiHandler.java:169) : Delete queue setting fail:null
java.lang.NullPointerException
	at com.sf.yarn.service.YarnApiHandler.delQueueResource(YarnApiHandler.java:160)
	at com.sf.yarn.service.YarnApiHandlerTest.delQueueResource(YarnApiHandlerTest.java:49)
	at sun.reflect.NativeMethodAccessorImpl.invoke0(Native Method)
	at sun.reflect.NativeMethodAccessorImpl.invoke(NativeMethodAccessorImpl.java:62)
	at sun.reflect.DelegatingMethodAccessorImpl.invoke(DelegatingMethodAccessorImpl.java:43)
	at java.lang.reflect.Method.invoke(Method.java:498)
	at org.junit.runners.model.FrameworkMethod$1.runReflectiveCall(FrameworkMethod.java:45)
	at org.junit.internal.runners.model.ReflectiveCallable.run(ReflectiveCallable.java:15)
	at org.junit.runners.model.FrameworkMethod.invokeExplosively(FrameworkMethod.java:42)
	at org.junit.internal.runners.statements.InvokeMethod.evaluate(InvokeMethod.java:20)
	at org.junit.runners.ParentRunner.runLeaf(ParentRunner.java:263)
	at org.junit.runners.BlockJUnit4ClassRunner.runChild(BlockJUnit4ClassRunner.java:68)
	at org.junit.runners.BlockJUnit4ClassRunner.runChild(BlockJUnit4ClassRunner.java:47)
	at org.junit.runners.ParentRunner$3.run(ParentRunner.java:231)
	at org.junit.runners.ParentRunner$1.schedule(ParentRunner.java:60)
	at org.junit.runners.ParentRunner.runChildren(ParentRunner.java:229)
	at org.junit.runners.ParentRunner.access$000(ParentRunner.java:50)
	at org.junit.runners.ParentRunner$2.evaluate(ParentRunner.java:222)
	at org.junit.runners.ParentRunner.run(ParentRunner.java:300)
	at org.junit.runner.JUnitCore.run(JUnitCore.java:157)
	at com.intellij.junit4.JUnit4IdeaTestRunner.startRunnerWithArgs(JUnit4IdeaTestRunner.java:68)
	at com.intellij.rt.execution.junit.IdeaTestRunner$Repeater.startRunnerWithArgs(IdeaTestRunner.java:47)
	at com.intellij.rt.execution.junit.JUnitStarter.prepareStreamsAndStart(JUnitStarter.java:242)
	at com.intellij.rt.execution.junit.JUnitStarter.main(JUnitStarter.java:70)
[2018-11-20T15:59:02.117+08:00] [INFO] com.sf.yarn.service.YarnApiHandler com.sf.yarn.service.YarnApiHandler.delQueueResource(YarnApiHandler.java:136) : Delete queue settings beginning······
[2018-11-20T15:59:57.084+08:00] [INFO] com.sf.yarn.service.YarnApiHandler com.sf.yarn.service.YarnApiHandler.delQueueResource(YarnApiHandler.java:167) : Delete queue settings success
[2018-11-20T16:08:39.632+08:00] [INFO] com.sf.yarn.service.YarnApiHandler com.sf.yarn.service.YarnApiHandler.addQueueResource(YarnApiHandler.java:45) : Add queue settings beginning······
[2018-11-20T16:08:39.763+08:00] [INFO] com.sf.yarn.service.YarnApiHandler com.sf.yarn.service.YarnApiHandler.addQueueResource(YarnApiHandler.java:78) : Add queue settings success
[2018-11-20T16:09:01.714+08:00] [INFO] com.sf.yarn.service.YarnApiHandler com.sf.yarn.service.YarnApiHandler.updateQueueResource(YarnApiHandler.java:91) : Update queue settings beginning······
[2018-11-20T16:09:01.848+08:00] [INFO] com.sf.yarn.service.YarnApiHandler com.sf.yarn.service.YarnApiHandler.updateQueueResource(YarnApiHandler.java:122) : Update queue settings success
[2018-11-20T16:09:10.780+08:00] [INFO] com.sf.yarn.service.YarnApiHandler com.sf.yarn.service.YarnApiHandler.delQueueResource(YarnApiHandler.java:136) : Delete queue settings beginning······
[2018-11-20T16:09:10.950+08:00] [INFO] com.sf.yarn.service.YarnApiHandler com.sf.yarn.service.YarnApiHandler.delQueueResource(YarnApiHandler.java:143) : 等待RM自动刷新，更改配置生效···
[2018-11-20T16:09:20.983+08:00] [INFO] com.sf.yarn.service.YarnApiHandler com.sf.yarn.service.YarnApiHandler.delQueueResource(YarnApiHandler.java:167) : Delete queue settings success
